
     ######################################################################
   ##########################################################################
  ###                                                                      ###
 ###            Tinker  ---  Software Tools for Molecular Design            ###
 ##                                                                          ##
 ##                       Version 8.8.3  November 2020                       ##
 ##                                                                          ##
 ##               Copyright (c)  Jay William Ponder  1990-2020               ##
 ###                           All Rights Reserved                          ###
  ###                                                                      ###
   ##########################################################################
     ######################################################################


 Simulation Trajectory A and Thermodynamic State 0 :  

 
 Number of Frames :         250
 Temperature :           300.00

 Simulation Trajectory B and Thermodynamic State 1 :  

 
 Number of Frames :         250
 Temperature :           300.00

 Free Energy Difference via FEP Method :

 Free Energy via Forward FEP              -0.9753 +/-   0.0121 Kcal/mol
 Free Energy via Backward FEP             -0.9849 +/-   0.0136 Kcal/mol

 Free Energy Difference via BAR Method :

 BAR Iteration   0                        -0.9835 Kcal/mol
 BAR Iteration   1                        -0.9804 Kcal/mol
 BAR Iteration   2                        -0.9804 Kcal/mol

 Free Energy via BAR Iteration            -0.9804 +/-   0.0148 Kcal/mol
 Free Energy via BAR Bootstrap            -0.9804 +/-   0.0088 Kcal/mol

 Enthalpy from Potential Energy Averages :

 Average Energy for State 0           -14110.1970 +/-   4.4906 Kcal/mol
 Average Energy for State 1           -14099.3499 +/-   4.7218 Kcal/mol
 Enthalpy via Direct Estimate             10.8471 +/-   6.5090 Kcal/mol

 Enthalpy and Entropy via FEP Method :

 Enthalpy via Forward FEP                 -2.0223 +/-   9.2851 Kcal/mol
 Entropy via Forward FEP                -0.003490 Kcal/mol/K
 Forward FEP -T*dS Value                   1.0470 Kcal/mol

 Enthalpy via Backward FEP                -0.9881 +/-   9.7244 Kcal/mol
 Entropy via Backward FEP               -0.000011 Kcal/mol/K
 Backward FEP -T*dS Value                  0.0032 Kcal/mol

 Enthalpy and Entropy via BAR Method :

 Enthalpy via BAR Estimate                -1.3353 +/-   1.0384 Kcal/mol
 Entropy via BAR Estimate               -0.001183 Kcal/mol/K
 BAR Estimate of -T*dS                     0.3549 Kcal/mol
