
     ######################################################################
   ##########################################################################
  ###                                                                      ###
 ###            Tinker  ---  Software Tools for Molecular Design            ###
 ##                                                                          ##
 ##                       Version 8.8.3  November 2020                       ##
 ##                                                                          ##
 ##               Copyright (c)  Jay William Ponder  1990-2020               ##
 ###                           All Rights Reserved                          ###
  ###                                                                      ###
   ##########################################################################
     ######################################################################


 Simulation Trajectory A and Thermodynamic State 0 :  

 
 Number of Frames :         250
 Temperature :           300.00

 Simulation Trajectory B and Thermodynamic State 1 :  

 
 Number of Frames :         250
 Temperature :           300.00

 Free Energy Difference via FEP Method :

 Free Energy via Forward FEP              -1.0029 +/-   0.0162 Kcal/mol
 Free Energy via Backward FEP             -0.9735 +/-   0.0135 Kcal/mol

 Free Energy Difference via BAR Method :

 BAR Iteration   0                        -0.9779 Kcal/mol
 BAR Iteration   1                        -0.9868 Kcal/mol
 BAR Iteration   2                        -0.9869 Kcal/mol

 Free Energy via BAR Iteration            -0.9869 +/-   0.0154 Kcal/mol
 Free Energy via BAR Bootstrap            -0.9869 +/-   0.0093 Kcal/mol

 Enthalpy from Potential Energy Averages :

 Average Energy for State 0          -149638.3545 +/-  16.4321 Kcal/mol
 Average Energy for State 1          -149535.7390 +/-  16.3390 Kcal/mol
 Enthalpy via Direct Estimate            102.6155 +/-  23.2066 Kcal/mol

 Enthalpy and Entropy via FEP Method :

 Enthalpy via Forward FEP                  3.6070 +/-  33.2305 Kcal/mol
 Entropy via Forward FEP                 0.015366 Kcal/mol/K
 Forward FEP -T*dS Value                  -4.6099 Kcal/mol

 Enthalpy via Backward FEP                -4.0328 +/-  33.6901 Kcal/mol
 Entropy via Backward FEP               -0.010198 Kcal/mol/K
 Backward FEP -T*dS Value                  3.0593 Kcal/mol

 Enthalpy and Entropy via BAR Method :

 Enthalpy via BAR Estimate                -2.0650 +/-   3.5483 Kcal/mol
 Entropy via BAR Estimate               -0.003594 Kcal/mol/K
 BAR Estimate of -T*dS                     1.0781 Kcal/mol
