
     ######################################################################
   ##########################################################################
  ###                                                                      ###
 ###            Tinker  ---  Software Tools for Molecular Design            ###
 ##                                                                          ##
 ##                       Version 8.8.3  November 2020                       ##
 ##                                                                          ##
 ##               Copyright (c)  Jay William Ponder  1990-2020               ##
 ###                           All Rights Reserved                          ###
  ###                                                                      ###
   ##########################################################################
     ######################################################################


 Simulation Trajectory A and Thermodynamic State 0 :  

 
 Number of Frames :         250
 Temperature :           300.00

 Simulation Trajectory B and Thermodynamic State 1 :  

 
 Number of Frames :         250
 Temperature :           300.00

 Free Energy Difference via FEP Method :

 Free Energy via Forward FEP              -0.6974 +/-   0.0598 Kcal/mol
 Free Energy via Backward FEP             -0.8915 +/-   0.0369 Kcal/mol

 Free Energy Difference via BAR Method :

 BAR Iteration   0                        -0.8536 Kcal/mol
 BAR Iteration   1                        -0.8071 Kcal/mol
 BAR Iteration   2                        -0.8099 Kcal/mol
 BAR Iteration   3                        -0.8097 Kcal/mol
 BAR Iteration   4                        -0.8097 Kcal/mol

 Free Energy via BAR Iteration            -0.8097 +/-   0.0447 Kcal/mol
 Free Energy via BAR Bootstrap            -0.8098 +/-   0.0252 Kcal/mol

 Enthalpy from Potential Energy Averages :

 Average Energy for State 0          -149549.1022 +/-  15.7557 Kcal/mol
 Average Energy for State 1          -149563.1584 +/-  16.7025 Kcal/mol
 Enthalpy via Direct Estimate            -14.0562 +/-  22.9205 Kcal/mol

 Enthalpy and Entropy via FEP Method :

 Enthalpy via Forward FEP                 -0.4781 +/-  49.9677 Kcal/mol
 Entropy via Forward FEP                 0.000731 Kcal/mol/K
 Forward FEP -T*dS Value                  -0.2193 Kcal/mol

 Enthalpy via Backward FEP                -3.1217 +/-  39.4140 Kcal/mol
 Entropy via Backward FEP               -0.007434 Kcal/mol/K
 Backward FEP -T*dS Value                  2.2302 Kcal/mol

 Enthalpy and Entropy via BAR Method :

 Enthalpy via BAR Estimate                 3.7262 +/-  10.5950 Kcal/mol
 Entropy via BAR Estimate                0.015120 Kcal/mol/K
 BAR Estimate of -T*dS                    -4.5359 Kcal/mol
