
     ######################################################################
   ##########################################################################
  ###                                                                      ###
 ###            Tinker  ---  Software Tools for Molecular Design            ###
 ##                                                                          ##
 ##                       Version 8.8.3  November 2020                       ##
 ##                                                                          ##
 ##               Copyright (c)  Jay William Ponder  1990-2020               ##
 ###                           All Rights Reserved                          ###
  ###                                                                      ###
   ##########################################################################
     ######################################################################


 Simulation Trajectory A and Thermodynamic State 0 :  

 
 Number of Frames :         250
 Temperature :           300.00

 Simulation Trajectory B and Thermodynamic State 1 :  

 
 Number of Frames :         250
 Temperature :           300.00

 Free Energy Difference via FEP Method :

 Free Energy via Forward FEP               0.0493 +/-   0.0106 Kcal/mol
 Free Energy via Backward FEP              0.0356 +/-   0.0107 Kcal/mol

 Free Energy Difference via BAR Method :

 BAR Iteration   0                         0.0431 Kcal/mol
 BAR Iteration   1                         0.0429 Kcal/mol
 BAR Iteration   2                         0.0429 Kcal/mol

 Free Energy via BAR Iteration             0.0429 +/-   0.0123 Kcal/mol
 Free Energy via BAR Bootstrap             0.0428 +/-   0.0073 Kcal/mol

 Enthalpy from Potential Energy Averages :

 Average Energy for State 0           -14112.3985 +/-   4.6821 Kcal/mol
 Average Energy for State 1           -14123.2275 +/-   4.6395 Kcal/mol
 Enthalpy via Direct Estimate            -10.8290 +/-   6.5914 Kcal/mol

 Enthalpy and Entropy via FEP Method :

 Enthalpy via Forward FEP                 -0.7232 +/-   9.4446 Kcal/mol
 Entropy via Forward FEP                -0.002575 Kcal/mol/K
 Forward FEP -T*dS Value                   0.7724 Kcal/mol

 Enthalpy via Backward FEP                -1.6491 +/-   9.5805 Kcal/mol
 Entropy via Backward FEP               -0.005616 Kcal/mol/K
 Backward FEP -T*dS Value                  1.6847 Kcal/mol

 Enthalpy and Entropy via BAR Method :

 Enthalpy via BAR Estimate                -1.3425 +/-   0.9180 Kcal/mol
 Entropy via BAR Estimate               -0.004618 Kcal/mol/K
 BAR Estimate of -T*dS                     1.3853 Kcal/mol
