
     ######################################################################
   ##########################################################################
  ###                                                                      ###
 ###            Tinker  ---  Software Tools for Molecular Design            ###
 ##                                                                          ##
 ##                       Version 8.8.3  November 2020                       ##
 ##                                                                          ##
 ##               Copyright (c)  Jay William Ponder  1990-2020               ##
 ###                           All Rights Reserved                          ###
  ###                                                                      ###
   ##########################################################################
     ######################################################################


 Simulation Trajectory A and Thermodynamic State 0 :  

 
 Number of Frames :         250
 Temperature :           300.00

 Simulation Trajectory B and Thermodynamic State 1 :  

 
 Number of Frames :         250
 Temperature :           300.00

 Free Energy Difference via FEP Method :

 Free Energy via Forward FEP               0.1638 +/-   0.0767 Kcal/mol
 Free Energy via Backward FEP              0.1221 +/-   0.0333 Kcal/mol

 Free Energy Difference via BAR Method :

 BAR Iteration   0                         0.1637 Kcal/mol
 BAR Iteration   1                         0.1593 Kcal/mol
 BAR Iteration   2                         0.1594 Kcal/mol
 BAR Iteration   3                         0.1594 Kcal/mol

 Free Energy via BAR Iteration             0.1594 +/-   0.0422 Kcal/mol
 Free Energy via BAR Bootstrap             0.1595 +/-   0.0246 Kcal/mol

 Enthalpy from Potential Energy Averages :

 Average Energy for State 0          -149578.7384 +/-  15.5894 Kcal/mol
 Average Energy for State 1          -149563.7304 +/-  16.3129 Kcal/mol
 Enthalpy via Direct Estimate             15.0080 +/-  22.5299 Kcal/mol

 Enthalpy and Entropy via FEP Method :

 Enthalpy via Forward FEP                  6.3493 +/-  39.7158 Kcal/mol
 Entropy via Forward FEP                 0.020618 Kcal/mol/K
 Forward FEP -T*dS Value                  -6.1854 Kcal/mol

 Enthalpy via Backward FEP                -1.4026 +/-  34.7993 Kcal/mol
 Entropy via Backward FEP               -0.005082 Kcal/mol/K
 Backward FEP -T*dS Value                  1.5247 Kcal/mol

 Enthalpy and Entropy via BAR Method :

 Enthalpy via BAR Estimate                 9.4899 +/-  10.6136 Kcal/mol
 Entropy via BAR Estimate                0.031101 Kcal/mol/K
 BAR Estimate of -T*dS                    -9.3304 Kcal/mol
