
     ######################################################################
   ##########################################################################
  ###                                                                      ###
 ###            Tinker  ---  Software Tools for Molecular Design            ###
 ##                                                                          ##
 ##                       Version 8.8.3  November 2020                       ##
 ##                                                                          ##
 ##               Copyright (c)  Jay William Ponder  1990-2020               ##
 ###                           All Rights Reserved                          ###
  ###                                                                      ###
   ##########################################################################
     ######################################################################


 Simulation Trajectory A and Thermodynamic State 0 :  

 
 Number of Frames :         250
 Temperature :           300.00

 Simulation Trajectory B and Thermodynamic State 1 :  

 
 Number of Frames :         250
 Temperature :           300.00

 Free Energy Difference via FEP Method :

 Free Energy via Forward FEP              -1.0187 +/-   0.0186 Kcal/mol
 Free Energy via Backward FEP             -0.9567 +/-   0.0224 Kcal/mol

 Free Energy Difference via BAR Method :

 BAR Iteration   0                        -0.9702 Kcal/mol
 BAR Iteration   1                        -0.9919 Kcal/mol
 BAR Iteration   2                        -0.9924 Kcal/mol
 BAR Iteration   3                        -0.9924 Kcal/mol

 Free Energy via BAR Iteration            -0.9924 +/-   0.0226 Kcal/mol
 Free Energy via BAR Bootstrap            -0.9924 +/-   0.0138 Kcal/mol

 Enthalpy from Potential Energy Averages :

 Average Energy for State 0           -14112.4616 +/-   4.6256 Kcal/mol
 Average Energy for State 1           -14118.8590 +/-   5.0368 Kcal/mol
 Enthalpy via Direct Estimate             -6.3974 +/-   6.8365 Kcal/mol

 Enthalpy and Entropy via FEP Method :

 Enthalpy via Forward FEP                 -3.2308 +/-   9.9339 Kcal/mol
 Entropy via Forward FEP                -0.007374 Kcal/mol/K
 Forward FEP -T*dS Value                   2.2122 Kcal/mol

 Enthalpy via Backward FEP                 0.6742 +/-  10.6159 Kcal/mol
 Entropy via Backward FEP                0.005436 Kcal/mol/K
 Backward FEP -T*dS Value                 -1.6309 Kcal/mol

 Enthalpy and Entropy via BAR Method :

 Enthalpy via BAR Estimate                -2.1518 +/-   1.8177 Kcal/mol
 Entropy via BAR Estimate               -0.003865 Kcal/mol/K
 BAR Estimate of -T*dS                     1.1594 Kcal/mol
