
     ######################################################################
   ##########################################################################
  ###                                                                      ###
 ###            Tinker  ---  Software Tools for Molecular Design            ###
 ##                                                                          ##
 ##                       Version 8.8.3  November 2020                       ##
 ##                                                                          ##
 ##               Copyright (c)  Jay William Ponder  1990-2020               ##
 ###                           All Rights Reserved                          ###
  ###                                                                      ###
   ##########################################################################
     ######################################################################


 Simulation Trajectory A and Thermodynamic State 0 :  

 
 Number of Frames :         250
 Temperature :           300.00

 Simulation Trajectory B and Thermodynamic State 1 :  

 
 Number of Frames :         250
 Temperature :           300.00

 Free Energy Difference via FEP Method :

 Free Energy via Forward FEP              -0.9460 +/-   0.0551 Kcal/mol
 Free Energy via Backward FEP             -0.9344 +/-   0.0343 Kcal/mol

 Free Energy Difference via BAR Method :

 BAR Iteration   0                        -0.9308 Kcal/mol
 BAR Iteration   1                        -0.9347 Kcal/mol
 BAR Iteration   2                        -0.9347 Kcal/mol

 Free Energy via BAR Iteration            -0.9347 +/-   0.0430 Kcal/mol
 Free Energy via BAR Bootstrap            -0.9347 +/-   0.0257 Kcal/mol

 Enthalpy from Potential Energy Averages :

 Average Energy for State 0           -14107.0868 +/-   4.6023 Kcal/mol
 Average Energy for State 1           -14121.6027 +/-   5.0907 Kcal/mol
 Enthalpy via Direct Estimate            -14.5159 +/-   6.8726 Kcal/mol

 Enthalpy and Entropy via FEP Method :

 Enthalpy via Forward FEP                 -0.3594 +/-  12.2882 Kcal/mol
 Entropy via Forward FEP                 0.001955 Kcal/mol/K
 Forward FEP -T*dS Value                  -0.5866 Kcal/mol

 Enthalpy via Backward FEP                 5.9709 +/-  11.9385 Kcal/mol
 Entropy via Backward FEP                0.023017 Kcal/mol/K
 Backward FEP -T*dS Value                 -6.9052 Kcal/mol

 Enthalpy and Entropy via BAR Method :

 Enthalpy via BAR Estimate                 2.4539 +/-   3.3521 Kcal/mol
 Entropy via BAR Estimate                0.011295 Kcal/mol/K
 BAR Estimate of -T*dS                    -3.3886 Kcal/mol
