
     ######################################################################
   ##########################################################################
  ###                                                                      ###
 ###            Tinker  ---  Software Tools for Molecular Design            ###
 ##                                                                          ##
 ##                       Version 8.8.3  November 2020                       ##
 ##                                                                          ##
 ##               Copyright (c)  Jay William Ponder  1990-2020               ##
 ###                           All Rights Reserved                          ###
  ###                                                                      ###
   ##########################################################################
     ######################################################################


 Simulation Trajectory A and Thermodynamic State 0 :  

 
 Number of Frames :         250
 Temperature :           300.00

 Simulation Trajectory B and Thermodynamic State 1 :  

 
 Number of Frames :         250
 Temperature :           300.00

 Free Energy Difference via FEP Method :

 Free Energy via Forward FEP               2.8995 +/-   0.0227 Kcal/mol
 Free Energy via Backward FEP              3.1891 +/-   0.0206 Kcal/mol

 Free Energy Difference via BAR Method :

 BAR Iteration   0                         2.9005 Kcal/mol
 BAR Iteration   1                         3.0202 Kcal/mol
 BAR Iteration   2                         3.0336 Kcal/mol
 BAR Iteration   3                         3.0351 Kcal/mol
 BAR Iteration   4                         3.0353 Kcal/mol
 BAR Iteration   5                         3.0353 Kcal/mol

 Free Energy via BAR Iteration             3.0353 +/-   0.0235 Kcal/mol
 Free Energy via BAR Bootstrap             3.0353 +/-   0.0158 Kcal/mol

 Enthalpy from Potential Energy Averages :

 Average Energy for State 0          -149628.1840 +/-  16.5280 Kcal/mol
 Average Energy for State 1          -149596.7069 +/-  14.8471 Kcal/mol
 Enthalpy via Direct Estimate             31.4771 +/-  22.2440 Kcal/mol

 Enthalpy and Entropy via FEP Method :

 Enthalpy via Forward FEP                  9.7161 +/-  33.5266 Kcal/mol
 Entropy via Forward FEP                 0.022722 Kcal/mol/K
 Forward FEP -T*dS Value                  -6.8166 Kcal/mol

 Enthalpy via Backward FEP                 3.9736 +/-  31.5779 Kcal/mol
 Entropy via Backward FEP                0.002615 Kcal/mol/K
 Backward FEP -T*dS Value                 -0.7845 Kcal/mol

 Enthalpy and Entropy via BAR Method :

 Enthalpy via BAR Estimate                 3.3481 +/-   6.5081 Kcal/mol
 Entropy via BAR Estimate                0.001043 Kcal/mol/K
 BAR Estimate of -T*dS                    -0.3128 Kcal/mol
