
     ######################################################################
   ##########################################################################
  ###                                                                      ###
 ###            Tinker  ---  Software Tools for Molecular Design            ###
 ##                                                                          ##
 ##                       Version 8.8.3  November 2020                       ##
 ##                                                                          ##
 ##               Copyright (c)  Jay William Ponder  1990-2020               ##
 ###                           All Rights Reserved                          ###
  ###                                                                      ###
   ##########################################################################
     ######################################################################


 Simulation Trajectory A and Thermodynamic State 0 :  

 
 Number of Frames :         250
 Temperature :           300.00

 Simulation Trajectory B and Thermodynamic State 1 :  

 
 Number of Frames :         250
 Temperature :           300.00

 Free Energy Difference via FEP Method :

 Free Energy via Forward FEP               1.8083 +/-   0.0300 Kcal/mol
 Free Energy via Backward FEP              1.8342 +/-   0.0213 Kcal/mol

 Free Energy Difference via BAR Method :

 BAR Iteration   0                         1.8101 Kcal/mol
 BAR Iteration   1                         1.8232 Kcal/mol
 BAR Iteration   2                         1.8233 Kcal/mol
 BAR Iteration   3                         1.8233 Kcal/mol

 Free Energy via BAR Iteration             1.8233 +/-   0.0266 Kcal/mol
 Free Energy via BAR Bootstrap             1.8232 +/-   0.0160 Kcal/mol

 Enthalpy from Potential Energy Averages :

 Average Energy for State 0           -14114.6063 +/-   4.4114 Kcal/mol
 Average Energy for State 1           -14117.4613 +/-   5.0225 Kcal/mol
 Enthalpy via Direct Estimate             -2.8550 +/-   6.6825 Kcal/mol

 Enthalpy and Entropy via FEP Method :

 Enthalpy via Forward FEP                  7.5338 +/-   9.9832 Kcal/mol
 Entropy via Forward FEP                 0.019085 Kcal/mol/K
 Forward FEP -T*dS Value                  -5.7254 Kcal/mol

 Enthalpy via Backward FEP                 2.9146 +/-  10.5003 Kcal/mol
 Entropy via Backward FEP                0.003601 Kcal/mol/K
 Backward FEP -T*dS Value                 -1.0804 Kcal/mol

 Enthalpy and Entropy via BAR Method :

 Enthalpy via BAR Estimate                 4.0084 +/-   2.0513 Kcal/mol
 Entropy via BAR Estimate                0.007284 Kcal/mol/K
 BAR Estimate of -T*dS                    -2.1851 Kcal/mol
