
     ######################################################################
   ##########################################################################
  ###                                                                      ###
 ###            Tinker  ---  Software Tools for Molecular Design            ###
 ##                                                                          ##
 ##                       Version 8.8.3  November 2020                       ##
 ##                                                                          ##
 ##               Copyright (c)  Jay William Ponder  1990-2020               ##
 ###                           All Rights Reserved                          ###
  ###                                                                      ###
   ##########################################################################
     ######################################################################


 Simulation Trajectory A and Thermodynamic State 0 :  

 
 Number of Frames :         250
 Temperature :           300.00

 Simulation Trajectory B and Thermodynamic State 1 :  

 
 Number of Frames :         250
 Temperature :           300.00

 Free Energy Difference via FEP Method :

 Free Energy via Forward FEP               0.5055 +/-   0.0203 Kcal/mol
 Free Energy via Backward FEP              0.5278 +/-   0.0226 Kcal/mol

 Free Energy Difference via BAR Method :

 BAR Iteration   0                         0.5133 Kcal/mol
 BAR Iteration   1                         0.5185 Kcal/mol
 BAR Iteration   2                         0.5185 Kcal/mol

 Free Energy via BAR Iteration             0.5185 +/-   0.0241 Kcal/mol
 Free Energy via BAR Bootstrap             0.5186 +/-   0.0145 Kcal/mol

 Enthalpy from Potential Energy Averages :

 Average Energy for State 0           -14117.6523 +/-   4.6143 Kcal/mol
 Average Energy for State 1           -14124.2430 +/-   4.8276 Kcal/mol
 Enthalpy via Direct Estimate             -6.5907 +/-   6.6738 Kcal/mol

 Enthalpy and Entropy via FEP Method :

 Enthalpy via Forward FEP                 -2.4462 +/-   9.2361 Kcal/mol
 Entropy via Forward FEP                -0.009839 Kcal/mol/K
 Forward FEP -T*dS Value                   2.9517 Kcal/mol

 Enthalpy via Backward FEP                -6.4439 +/-  10.9169 Kcal/mol
 Entropy via Backward FEP               -0.023239 Kcal/mol/K
 Backward FEP -T*dS Value                  6.9717 Kcal/mol

 Enthalpy and Entropy via BAR Method :

 Enthalpy via BAR Estimate                -3.4357 +/-   1.8157 Kcal/mol
 Entropy via BAR Estimate               -0.013181 Kcal/mol/K
 BAR Estimate of -T*dS                     3.9543 Kcal/mol
