
     ######################################################################
   ##########################################################################
  ###                                                                      ###
 ###            Tinker  ---  Software Tools for Molecular Design            ###
 ##                                                                          ##
 ##                       Version 8.8.3  November 2020                       ##
 ##                                                                          ##
 ##               Copyright (c)  Jay William Ponder  1990-2020               ##
 ###                           All Rights Reserved                          ###
  ###                                                                      ###
   ##########################################################################
     ######################################################################


 Simulation Trajectory A and Thermodynamic State 0 :  

 
 Number of Frames :         250
 Temperature :           300.00

 Simulation Trajectory B and Thermodynamic State 1 :  

 
 Number of Frames :         250
 Temperature :           300.00

 Free Energy Difference via FEP Method :

 Free Energy via Forward FEP               0.3027 +/-   0.0159 Kcal/mol
 Free Energy via Backward FEP              0.2718 +/-   0.0164 Kcal/mol

 Free Energy Difference via BAR Method :

 BAR Iteration   0                         0.2918 Kcal/mol
 BAR Iteration   1                         0.2885 Kcal/mol
 BAR Iteration   2                         0.2885 Kcal/mol

 Free Energy via BAR Iteration             0.2885 +/-   0.0186 Kcal/mol
 Free Energy via BAR Bootstrap             0.2885 +/-   0.0110 Kcal/mol

 Enthalpy from Potential Energy Averages :

 Average Energy for State 0           -14121.9473 +/-   5.0455 Kcal/mol
 Average Energy for State 1           -14120.6758 +/-   4.8546 Kcal/mol
 Enthalpy via Direct Estimate              1.2714 +/-   6.9917 Kcal/mol

 Enthalpy and Entropy via FEP Method :

 Enthalpy via Forward FEP                 -4.9431 +/-  10.5085 Kcal/mol
 Entropy via Forward FEP                -0.017486 Kcal/mol/K
 Forward FEP -T*dS Value                   5.2458 Kcal/mol

 Enthalpy via Backward FEP                 1.9914 +/-  10.0003 Kcal/mol
 Entropy via Backward FEP                0.005732 Kcal/mol/K
 Backward FEP -T*dS Value                 -1.7196 Kcal/mol

 Enthalpy and Entropy via BAR Method :

 Enthalpy via BAR Estimate                -1.0945 +/-   1.3688 Kcal/mol
 Entropy via BAR Estimate               -0.004610 Kcal/mol/K
 BAR Estimate of -T*dS                     1.3830 Kcal/mol
