
     ######################################################################
   ##########################################################################
  ###                                                                      ###
 ###            Tinker  ---  Software Tools for Molecular Design            ###
 ##                                                                          ##
 ##                       Version 8.8.3  November 2020                       ##
 ##                                                                          ##
 ##               Copyright (c)  Jay William Ponder  1990-2020               ##
 ###                           All Rights Reserved                          ###
  ###                                                                      ###
   ##########################################################################
     ######################################################################


 Simulation Trajectory A and Thermodynamic State 0 :  

 
 Number of Frames :         250
 Temperature :           300.00

 Simulation Trajectory B and Thermodynamic State 1 :  

 
 Number of Frames :         250
 Temperature :           300.00

 Free Energy Difference via FEP Method :

 Free Energy via Forward FEP               0.0920 +/-   0.0097 Kcal/mol
 Free Energy via Backward FEP              0.0819 +/-   0.0124 Kcal/mol

 Free Energy Difference via BAR Method :

 BAR Iteration   0                         0.0833 Kcal/mol
 BAR Iteration   1                         0.0829 Kcal/mol
 BAR Iteration   2                         0.0829 Kcal/mol

 Free Energy via BAR Iteration             0.0829 +/-   0.0127 Kcal/mol
 Free Energy via BAR Bootstrap             0.0829 +/-   0.0075 Kcal/mol

 Enthalpy from Potential Energy Averages :

 Average Energy for State 0          -149535.5382 +/-  16.9705 Kcal/mol
 Average Energy for State 1          -149540.1576 +/-  16.4994 Kcal/mol
 Enthalpy via Direct Estimate             -4.6194 +/-  23.6734 Kcal/mol

 Enthalpy and Entropy via FEP Method :

 Enthalpy via Forward FEP                 -6.5261 +/-  34.3931 Kcal/mol
 Entropy via Forward FEP                -0.022061 Kcal/mol/K
 Forward FEP -T*dS Value                   6.6182 Kcal/mol

 Enthalpy via Backward FEP                -1.0044 +/-  33.5496 Kcal/mol
 Entropy via Backward FEP               -0.003621 Kcal/mol/K
 Backward FEP -T*dS Value                  1.0863 Kcal/mol

 Enthalpy and Entropy via BAR Method :

 Enthalpy via BAR Estimate                -4.4272 +/-   3.2340 Kcal/mol
 Entropy via BAR Estimate               -0.015034 Kcal/mol/K
 BAR Estimate of -T*dS                     4.5101 Kcal/mol
