
     ######################################################################
   ##########################################################################
  ###                                                                      ###
 ###            Tinker  ---  Software Tools for Molecular Design            ###
 ##                                                                          ##
 ##                       Version 8.8.3  November 2020                       ##
 ##                                                                          ##
 ##               Copyright (c)  Jay William Ponder  1990-2020               ##
 ###                           All Rights Reserved                          ###
  ###                                                                      ###
   ##########################################################################
     ######################################################################


 Simulation Trajectory A and Thermodynamic State 0 :  

 
 Number of Frames :         250
 Temperature :           300.00

 Simulation Trajectory B and Thermodynamic State 1 :  

 
 Number of Frames :         250
 Temperature :           300.00

 Free Energy Difference via FEP Method :

 Free Energy via Forward FEP               0.1109 +/-   0.0125 Kcal/mol
 Free Energy via Backward FEP              0.1210 +/-   0.0137 Kcal/mol

 Free Energy Difference via BAR Method :

 BAR Iteration   0                         0.1142 Kcal/mol
 BAR Iteration   1                         0.1147 Kcal/mol
 BAR Iteration   2                         0.1147 Kcal/mol

 Free Energy via BAR Iteration             0.1147 +/-   0.0152 Kcal/mol
 Free Energy via BAR Bootstrap             0.1147 +/-   0.0091 Kcal/mol

 Enthalpy from Potential Energy Averages :

 Average Energy for State 0           -14129.4643 +/-   4.5870 Kcal/mol
 Average Energy for State 1           -14130.6709 +/-   5.1890 Kcal/mol
 Enthalpy via Direct Estimate             -1.2066 +/-   6.9138 Kcal/mol

 Enthalpy and Entropy via FEP Method :

 Enthalpy via Forward FEP                 -2.4121 +/-   9.4321 Kcal/mol
 Entropy via Forward FEP                -0.008410 Kcal/mol/K
 Forward FEP -T*dS Value                   2.5230 Kcal/mol

 Enthalpy via Backward FEP                -0.3638 +/-  10.5726 Kcal/mol
 Entropy via Backward FEP               -0.001616 Kcal/mol/K
 Backward FEP -T*dS Value                  0.4848 Kcal/mol

 Enthalpy and Entropy via BAR Method :

 Enthalpy via BAR Estimate                -1.3312 +/-   1.1705 Kcal/mol
 Entropy via BAR Estimate               -0.004820 Kcal/mol/K
 BAR Estimate of -T*dS                     1.4459 Kcal/mol
