
     ######################################################################
   ##########################################################################
  ###                                                                      ###
 ###            Tinker  ---  Software Tools for Molecular Design            ###
 ##                                                                          ##
 ##                       Version 8.8.3  November 2020                       ##
 ##                                                                          ##
 ##               Copyright (c)  Jay William Ponder  1990-2020               ##
 ###                           All Rights Reserved                          ###
  ###                                                                      ###
   ##########################################################################
     ######################################################################


 Simulation Trajectory A and Thermodynamic State 0 :  

 
 Number of Frames :         250
 Temperature :           300.00

 Simulation Trajectory B and Thermodynamic State 1 :  

 
 Number of Frames :         250
 Temperature :           300.00

 Free Energy Difference via FEP Method :

 Free Energy via Forward FEP               0.1029 +/-   0.0112 Kcal/mol
 Free Energy via Backward FEP              0.4907 +/-   0.0182 Kcal/mol

 Free Energy Difference via BAR Method :

 BAR Iteration   0                         0.2384 Kcal/mol
 BAR Iteration   1                         0.2730 Kcal/mol
 BAR Iteration   2                         0.2782 Kcal/mol
 BAR Iteration   3                         0.2790 Kcal/mol
 BAR Iteration   4                         0.2791 Kcal/mol
 BAR Iteration   5                         0.2791 Kcal/mol

 Free Energy via BAR Iteration             0.2791 +/-   0.0147 Kcal/mol
 Free Energy via BAR Bootstrap             0.2791 +/-   0.0103 Kcal/mol

 Enthalpy from Potential Energy Averages :

 Average Energy for State 0          -149634.6119 +/-  16.7213 Kcal/mol
 Average Energy for State 1          -149589.3122 +/-  15.2180 Kcal/mol
 Enthalpy via Direct Estimate             45.2997 +/-  22.5836 Kcal/mol

 Enthalpy and Entropy via FEP Method :

 Enthalpy via Forward FEP                  1.0050 +/-  34.0015 Kcal/mol
 Entropy via Forward FEP                 0.003007 Kcal/mol/K
 Forward FEP -T*dS Value                  -0.9021 Kcal/mol

 Enthalpy via Backward FEP                -0.7986 +/-  32.9711 Kcal/mol
 Entropy via Backward FEP               -0.004298 Kcal/mol/K
 Backward FEP -T*dS Value                  1.2893 Kcal/mol

 Enthalpy and Entropy via BAR Method :

 Enthalpy via BAR Estimate                -3.0420 +/-   4.3728 Kcal/mol
 Entropy via BAR Estimate               -0.011070 Kcal/mol/K
 BAR Estimate of -T*dS                     3.3211 Kcal/mol
